c:\users\jamie\desktop\ballzgame\ballsgamecpp\debug\vc140.pdb
c:\users\jamie\desktop\ballzgame\ballsgamecpp\debug\vc140.idb
c:\users\jamie\desktop\ballzgame\ballsgamecpp\debug\camera.obj
c:\users\jamie\desktop\ballzgame\ballsgamecpp\debug\dxcore.obj
c:\users\jamie\desktop\ballzgame\ballsgamecpp\debug\game.obj
c:\users\jamie\desktop\ballzgame\ballsgamecpp\debug\gameentity.obj
c:\users\jamie\desktop\ballzgame\ballsgamecpp\debug\main.obj
c:\users\jamie\desktop\ballzgame\ballsgamecpp\debug\material.obj
c:\users\jamie\desktop\ballzgame\ballsgamecpp\debug\mesh.obj
c:\users\jamie\desktop\ballzgame\ballsgamecpp\debug\renderer.obj
c:\users\jamie\desktop\ballzgame\ballsgamecpp\debug\simpleshader.obj
c:\users\jamie\desktop\ballzgame\ballsgamecpp\debug\pixelshader.cso
c:\users\jamie\desktop\ballzgame\ballsgamecpp\debug\pixelshadernormal.cso
c:\users\jamie\desktop\ballzgame\ballsgamecpp\debug\vertexshader.cso
c:\users\jamie\desktop\ballzgame\ballsgamecpp\debug\vertexshadernormal.cso
c:\users\jamie\desktop\ballzgame\ballsgamecpp\debug\dx11starter.ilk
c:\users\jamie\desktop\ballzgame\ballsgamecpp\debug\dx11starter.exe
c:\users\jamie\desktop\ballzgame\ballsgamecpp\debug\dx11starter.pdb
c:\users\jamie\desktop\ballzgame\ballsgamecpp\debug\dx11starter.tlog\cl.command.1.tlog
c:\users\jamie\desktop\ballzgame\ballsgamecpp\debug\dx11starter.tlog\cl.read.1.tlog
c:\users\jamie\desktop\ballzgame\ballsgamecpp\debug\dx11starter.tlog\cl.write.1.tlog
c:\users\jamie\desktop\ballzgame\ballsgamecpp\debug\dx11starter.tlog\dx11starter.write.1u.tlog
c:\users\jamie\desktop\ballzgame\ballsgamecpp\debug\dx11starter.tlog\fxc.command.1.tlog
c:\users\jamie\desktop\ballzgame\ballsgamecpp\debug\dx11starter.tlog\fxc.read.1.tlog
c:\users\jamie\desktop\ballzgame\ballsgamecpp\debug\dx11starter.tlog\fxc.write.1.tlog
c:\users\jamie\desktop\ballzgame\ballsgamecpp\debug\dx11starter.tlog\link.command.1.tlog
c:\users\jamie\desktop\ballzgame\ballsgamecpp\debug\dx11starter.tlog\link.read.1.tlog
c:\users\jamie\desktop\ballzgame\ballsgamecpp\debug\dx11starter.tlog\link.write.1.tlog
