Build started 11/2/2016 10:46:38 PM.
     1>Project "C:\Users\Jamie\Desktop\BallzGame\BallsGameCPP\DX11Starter.vcxproj" on node 2 (Build target(s)).
     1>ClCompile:
         C:\Program Files (x86)\Microsoft Visual Studio 14.0\VC\bin\CL.exe /c /IC:\Users\Jamie\Desktop\BallzGame\BallsGameCPP\packages\directxtk_desktop_2015.2016.9.15.1\build\native\../../build/native/include/ /ZI /nologo /W3 /WX- /sdl- /Od /Oy- /D HAS_DIRECTXTK /D _MBCS /Gm /EHsc /RTC1 /MDd /GS /fp:precise /Zc:wchar_t /Zc:forScope /Zc:inline /Fo"Debug\\" /Fd"Debug\vc140.pdb" /Gd /TP /analyze- /errorReport:prompt Game.cpp
         Game.cpp
     1>c:\users\jamie\desktop\ballzgame\ballsgamecpp\ballmanager.h(17): warning C4018: '<': signed/unsigned mismatch
     1>c:\users\jamie\desktop\ballzgame\ballsgamecpp\game.cpp(130): warning C4244: '=': conversion from 'unsigned int' to 'float', possible loss of data
     1>c:\users\jamie\desktop\ballzgame\ballsgamecpp\game.cpp(131): warning C4244: '=': conversion from 'unsigned int' to 'float', possible loss of data
     1>c:\users\jamie\desktop\ballzgame\ballsgamecpp\game.cpp(134): warning C4244: '=': conversion from 'unsigned int' to 'float', possible loss of data
     1>c:\users\jamie\desktop\ballzgame\ballsgamecpp\game.cpp(135): warning C4244: '=': conversion from 'unsigned int' to 'float', possible loss of data
       Link:
         C:\Program Files (x86)\Microsoft Visual Studio 14.0\VC\bin\link.exe /ERRORREPORT:PROMPT /OUT:"C:\Users\Jamie\Desktop\BallzGame\BallsGameCPP\Debug\DX11Starter.exe" /INCREMENTAL /NOLOGO C:\Users\Jamie\Desktop\BallzGame\BallsGameCPP\packages\directxtk_desktop_2015.2016.9.15.1\build\native\../../build/native/lib/Win32/Debug/DirectXTKAudioDX.lib C:\Users\Jamie\Desktop\BallzGame\BallsGameCPP\packages\directxtk_desktop_2015.2016.9.15.1\build\native\../../build/native/lib/Win32/Debug/DirectXTK.lib kernel32.lib user32.lib gdi32.lib winspool.lib comdlg32.lib advapi32.lib shell32.lib ole32.lib oleaut32.lib uuid.lib odbc32.lib odbccp32.lib /MANIFEST /MANIFESTUAC:"level='asInvoker' uiAccess='false'" /manifest:embed /Debug /PDB:"C:\Users\Jamie\Desktop\BallzGame\BallsGameCPP\Debug\DX11Starter.pdb" /TLBID:1 /DYNAMICBASE /NXCOMPAT /IMPLIB:"C:\Users\Jamie\Desktop\BallzGame\BallsGameCPP\Debug\DX11Starter.lib" /MACHINE:X86 Debug\Camera.obj
         Debug\DXCore.obj
         Debug\Game.obj
         Debug\GameEntity.obj
         Debug\Main.obj
         Debug\Material.obj
         Debug\Mesh.obj
         Debug\Renderer.obj
         Debug\SimpleShader.obj
         DX11Starter.vcxproj -> C:\Users\Jamie\Desktop\BallzGame\BallsGameCPP\Debug\DX11Starter.exe
     1>Done Building Project "C:\Users\Jamie\Desktop\BallzGame\BallsGameCPP\DX11Starter.vcxproj" (Build target(s)).

Build succeeded.

Time Elapsed 00:00:01.69
